epoch,acc,loss,val_acc,val_loss
0,0.48037200876216396,1.4639809342602286,0.4845360824783787,1.560215891553486
1,0.5911038350177005,1.1697067512672454,0.6297018668235727,1.1077273711084688
2,0.6368734543153852,1.0459411782428445,0.6460016717831715,1.0314045719663292
3,0.6621965237714192,0.9729115219901666,0.6648091390525508,0.970415943410942
4,0.6767215855758829,0.9252379485617329,0.6919754806518821,0.8788344557818745
5,0.6929185969535824,0.8816571802242393,0.6636946224658129,0.9358142908983291
6,0.7024974746429051,0.8533460762255859,0.685567010325886,0.8744598692524364
7,0.7170922010290971,0.814055656943726,0.7254109779966014,0.7942378115076048
8,0.7228046953688512,0.795813043076249,0.6992198384034,0.8737352859944014
9,0.7283778606136622,0.7713002572633816,0.7181666202367797,0.8336015030612983
10,0.7321049148475262,0.7597191162840019,0.7308442463164676,0.8026054665450433
11,0.7429029223911358,0.732310788773615,0.7354416272108121,0.778660267732641
12,0.7491030687365505,0.7167352520500614,0.7362775146363338,0.7576029086783923
13,0.7506008569073697,0.7056404105311231,0.7011702424115077,0.8835118984770861
14,0.7565223449279473,0.6939946533457779,0.7520200613067156,0.7294093455800641
15,0.7591347660991464,0.6820136277423748,0.6852883811729736,0.9107462064440651
16,0.7624438329360682,0.6779980333537209,0.7408748955306783,0.7406125598114558
17,0.7643944407801605,0.6628909503356006,0.7557815547672345,0.705293889828265
18,0.7724058657335452,0.6491830057640917,0.7460295346893285,0.7198830942949501
19,0.7734856665074221,0.6438924890459092,0.7224853720031232,0.7527410094204571
20,0.7772127207620477,0.634619557146219,0.743800501540764,0.7676636720972494
21,0.7785711797611057,0.6228424833566568,0.7649763165310121,0.6830958166172924
22,0.7818454143009347,0.6171717045573656,0.7486765115714134,0.7261795571468839
23,0.7830297119287186,0.6110015173596006,0.7610755085147966,0.6957019414035481
24,0.7842140095565024,0.6037364014845423,0.7390638060824192,0.7282491165404533
25,0.7887422062622441,0.5963968218967389,0.766508776826359,0.6784226663200993
26,0.7909366400697196,0.5940099141121807,0.743103928670939,0.7205200888181205
27,0.7912501306480497,0.5899252359014373,0.7575926441905824,0.6917987307588116
28,0.7936187258122661,0.5782511208871177,0.7305656183011753,0.7918945470267964
29,0.7976244383626624,0.5695403761996417,0.7722206742908337,0.6714007496402004
30,0.8010728342737655,0.5603609489727728,0.7720813597143776,0.6817871195654179
31,0.7958479919313675,0.5652530661763773,0.7776539426107,0.6492986690038158
32,0.8044167334202369,0.5507734310037767,0.7616327667957098,0.7230589274544342
33,0.8028492807050605,0.5528831207236093,0.776121482323657,0.6569635694689258
34,0.8062628444374125,0.5399870727830324,0.7626079688101434,0.6956538817915089
35,0.8077606325251849,0.5412770483248734,0.77458902202831,0.6699472070902827
36,0.8102337246222026,0.5322917284331538,0.7596823627792981,0.7069379834286447
37,0.811940506467617,0.5290548951985665,0.7679019225410978,0.6796130204340248
38,0.8136124560014054,0.5239012947363716,0.7764001114516579,0.6710501448561402
39,0.8118708419232596,0.5177836783806181,0.7549456673168013,0.6978876567145981
40,0.8162597094759256,0.5149232333965189,0.7752855948732238,0.6859789712411111
41,0.8183844787473485,0.5129392231647205,0.7796043466146559,0.6397275203414932
42,0.8167821937080892,0.506411229323816,0.7644190582334912,0.6878922619704052
43,0.816433870938551,0.5074174502917876,0.7711061577123997,0.6961372058914378
44,0.8184193110444411,0.5043611282352918,0.7692950682641404,0.6999124174963036
45,0.8222856943524866,0.495492475334847,0.7706882140203982,0.6752541689661493
46,0.8222856943732482,0.4909425268078877,0.7765394260239621,0.6705722424538231
47,0.827301543103336,0.48548815918008614,0.7729172471440513,0.6636314000150692
48,0.8262217423232306,0.48390806400812036,0.75996099195297,0.756749195386919
49,0.8263262391293857,0.48052193262475823,0.7851769295151302,0.6442515526717338
50,0.8275105367986929,0.47997675900084086,0.7766787405962664,0.6767762019860775
51,0.8259779163245526,0.4801756074807334,0.791306770688214,0.639835839086869
52,0.8323522240536985,0.46672118498848925,0.774449706999297,0.7056975969180619
53,0.8297049705584165,0.4699614033024614,0.7750069657618304,0.6659976738546844
54,0.845588491384776,0.4255176919987925,0.7998049595987741,0.5983384510174738
55,0.8534605872930456,0.409395904917466,0.7985511284480357,0.6024907633400655
56,0.8520672960031236,0.40393625093962215,0.8014767344664252,0.6029182868470186
57,0.854470723431214,0.4018345963313806,0.8002229033156868,0.6010336587939896
58,0.855933679360997,0.3953926313334097,0.8016160490387294,0.6022624868508267
59,0.8585809328417456,0.3932945956742528,0.7995263304541655,0.6043415691202216
60,0.8569089832519006,0.38881267266357544,0.7993870158818612,0.6113877424990509
61,0.860287714624875,0.3885288158468436,0.7985511284480357,0.6114809401489029
62,0.8607057020301219,0.3820990740073637,0.8042630259125104,0.6073559407039949
63,0.8604270437488843,0.38527797236755734,0.7981331847311228,0.6113451692047608
64,0.8609146957524688,0.3839792735341857,0.8028698801894678,0.6092564707580932
65,0.8597652304280061,0.3790458439887888,0.8024519364725551,0.6203737120735974
66,0.8626563098534525,0.37766033937541654,0.8000835887433826,0.616307770269234
67,0.864084433450848,0.37406523994461216,0.8038450821955977,0.6133208586897947
68,0.8662440349570786,0.3678381456508379,0.8016160490387294,0.6129698854497164
69,0.866557525527104,0.37177515006861783,0.8005015324602953,0.6130428220874322
70,0.8642585948927117,0.3708525268260603,0.8018946781833379,0.6125223005040504
71,0.8635967814887868,0.375368641096869,0.8009194761772082,0.6127714882590506
72,0.8649900728119275,0.36672158079372563,0.8009194761772082,0.6127162661416912
73,0.8660002089791622,0.36962598518225886,0.8010587907495124,0.6128417031118617
74,0.8641192657417122,0.36936425657900007,0.8028698801894678,0.6121802995649345
75,0.8654428924706675,0.3722968665471151,0.8031485093340763,0.6127051785152315
76,0.8655125570648529,0.3694621917647858,0.8021733073279464,0.6127694422038161
77,0.8670800097239728,0.3700422345834149,0.8020339927556422,0.6133798798600689
78,0.8625169807086814,0.36993999066113337,0.8021733073279464,0.6137497312812029
79,0.8653383956520555,0.36746231205531754,0.8021733073279464,0.6135734736205277
80,0.8639799366114742,0.36718911246041935,0.8021733073279464,0.6135939836967088
81,0.8637361106543195,0.37204791382751873,0.8020339927556422,0.613679536208033
82,0.8664530286524353,0.37045414502013874,0.8021733073279464,0.6132188330755556
83,0.8671148420272939,0.36859059218055024,0.8023126219002508,0.6130400545652214
84,0.8660002090061524,0.3679766289874501,0.8020339927556422,0.6133281464163525
85,0.8645372531531875,0.3687067360730209,0.8018946781833379,0.6134434577049602
86,0.8658957121377122,0.36622972241588725,0.8025912510448593,0.6132704576897269
87,0.8688912884315987,0.3646735463959283,0.8021733073279464,0.6133782098671293
88,0.8685429656122324,0.3682784208498918,0.8025912510448593,0.6133328980142674
89,0.8663833641288398,0.36675392852759986,0.8025912510448593,0.613561754008793
90,0.8646417499593426,0.3662596968960216,0.8028698801894678,0.6131531673741227
91,0.86760249402465,0.3679439732720226,0.8030091947617721,0.6133315362250051
92,0.8693092758638358,0.3643304802348378,0.8028698801894678,0.6130435643471127
93,0.8653035633549628,0.3710588002791204,0.8025912510448593,0.6133834123279298
94,0.866278867239638,0.36780166881864,0.8027305656171636,0.6136029559810635
95,0.8671845065861844,0.3661545538137008,0.8023126219002508,0.6134261444904373
96,0.8657912152630437,0.3692761945157279,0.8024519364725551,0.6135904114370593
97,0.8653383956167606,0.36945952620973505,0.8025912510448593,0.6136905668704548
98,0.865791215304567,0.365790241353377,0.8025912510448593,0.6134106528961615
99,0.8655822216154386,0.37143644684181304,0.8027305656171636,0.6135414067534358
100,0.8680204813883735,0.36554652723408515,0.8023126219002508,0.6136411575594796
101,0.8688564561345061,0.3627562813520257,0.8021733073279464,0.6138744794681366
102,0.8668710160286159,0.36366998481316154,0.8021733073279464,0.6135736782592663
103,0.867428332605624,0.3636680493252152,0.8027305656171636,0.6134628579290373
104,0.8661395381509234,0.3679642035159419,0.8025912510448593,0.613202453390341
