epoch,acc,loss,val_acc,val_loss
0,0.49959749833032646,1.4258160991221067,0.524937308446615,1.6884345229736906
1,0.5925444299882835,1.1817497743143814,0.6015603232181116,1.148523458965511
2,0.6213387825834662,1.0888334825774288,0.5639453886959606,1.2464072641206339
3,0.6393275125653125,1.0341656851365446,0.639453886884871,1.0596940764546494
4,0.6549631556465689,0.9930558174163892,0.6291446085302037,1.0821008061127066
5,0.6658616632461194,0.9636394874519132,0.6536639732848173,0.9941868717606003
6,0.6766672858926739,0.9334017524439319,0.6369462245833943,1.0917311249486117
7,0.6819926930607727,0.9140781057391036,0.6177208136303174,1.0852324508896576
8,0.6905690755030047,0.8919347238006204,0.595987740325941,1.1314698389626772
9,0.6978760294976548,0.8728642673402078,0.6737252716717198,0.9230441637908093
10,0.70165335314142,0.8584173703549469,0.670660351076874,0.9471993989418329
11,0.7047185584431248,0.8450209485450332,0.685984954030343,0.8880751246561012
12,0.7108489689579526,0.8305921282581636,0.6533853441152974,1.009112547021219
13,0.7136974425476486,0.8190129354860961,0.6659236556475925,0.9531550346293732
14,0.7190847730694175,0.8055405888301137,0.6681526887795493,0.9424301267301316
15,0.7196420830863571,0.8043565614591539,0.6857063248857345,0.903970928370172
16,0.7258653786833629,0.7877523648944814,0.6840345500180833,0.9334268902762416
17,0.7263607653503233,0.7831225191796112,0.6985232655418786,0.8715544607221466
18,0.7291782773148572,0.771860196657746,0.7054889941529399,0.8559544821176133
19,0.7365781163104851,0.7555134607118765,0.7021454444217895,0.8592994363236872
20,0.7363923462937657,0.752543585301479,0.6698244636430485,0.944964642775826
21,0.7412533283905389,0.7470555131121962,0.680133741993564,0.9289815118964517
22,0.7418725617906761,0.736530026623144,0.6951797158024244,0.9146818108929337
23,0.7459595021179006,0.7325244544497126,0.6910002786332965,0.8895529209986208
24,0.7432658369234527,0.731566121441062,0.6879353580467547,0.8881687589195254
25,0.7450616137000664,0.7225401426359658,0.7157982725034553,0.8447626984926544
26,0.7513158709296162,0.7096360463189284,0.682641404324104,0.9177714413871138
27,0.7521208743353999,0.7046924799992592,0.6962942323850104,0.8894413327333753
28,0.7556195430279044,0.6987533465030578,0.6550571189829485,1.0221829199797599
29,0.7585299399159067,0.6897110358038379,0.7096684313262196,0.8437286307466964
30,0.7537928044969463,0.6951023926896734,0.724157146845863,0.810578911840567
31,0.7568580097580511,0.6869608866842888,0.7074393981651995,0.853915385331042
32,0.7610687968479797,0.6754399686488908,0.7130119810573701,0.8446678749928404
33,0.762678803655856,0.668082292002121,0.6954583449511849,0.8719671347175145
34,0.7678494024213249,0.6650794115226862,0.7208135971105607,0.8436818371313334
35,0.7670753607182128,0.6608137568864109,0.6650877682137669,0.9519116036172497
36,0.7675397857747748,0.6588570661858971,0.7227640011228204,0.8498591022858151
37,0.7715957644731462,0.648356361871637,0.7263861800027313,0.803496091669401
38,0.7728032695707489,0.648936705811783,0.7194204513875181,0.8403074637067852
39,0.773825004662705,0.6440182498301712,0.7185845639495406,0.8176191059053027
40,0.7734225029155222,0.6414446918224282,0.7297297297380335,0.7992713301917177
41,0.7771688649230524,0.6337353803401495,0.7124547227723049,0.8660760180934886
42,0.7779738683325269,0.6274013980836483,0.7205349679618003,0.8415120397978555
43,0.7782834850196773,0.621929177946923,0.7210922262510173,0.8320736819304739
44,0.775125394783431,0.6338569681979133,0.712454722768153,0.8421857760257461
45,0.7793361818290685,0.617227531511412,0.7157982725076072,0.8428244008829282
46,0.7830515821191636,0.6136695293182411,0.7169127890860413,0.8570459092948788
47,0.7826800421152523,0.6089566889355608,0.728893842304208,0.827159419203243
48,0.786395442464402,0.6083528500487911,0.7040958484340492,0.8592900346334548
49,0.7872004458701857,0.6007644540533221,0.7132906102061305,0.8764160965504704
50,0.7872623691648011,0.5971287340820813,0.7277793257257739,0.8284359755506752
51,0.7880054492353692,0.5986633782335402,0.723599888552494,0.8121723283728904
52,0.7906371911352017,0.5881834615309605,0.7241571468417111,0.8151538889532336
53,0.7905752677999862,0.588202820229334,0.7350236834814436,0.8185421116473649
54,0.7909158461565897,0.5870835570881142,0.727779325721622,0.871931906230073
55,0.7933618180433939,0.5761005411436554,0.7091111730370026,0.8660409499689475
56,0.7932689330719433,0.5801314076732738,0.6915575369266654,0.9356476058864301
57,0.7962722149719963,0.5737199139149168,0.7358595709194211,0.8103476587063292
58,0.7939500897999142,0.5758733178275356,0.7099470604666763,0.8849404390292036
59,0.7955910582846256,0.5688377896272935,0.7311228754569242,0.8416297142802589
60,0.7976345284316287,0.5644590006102584,0.7344664251963785,0.8098177431552448
61,0.7981299151391893,0.5630442835249851,0.6901643912036228,0.9392686490063947
62,0.7988420335772134,0.5600485429615272,0.7210922262510173,0.8500102217996576
63,0.798811071870851,0.5616107178816553,0.7364168292044863,0.8396957532447439
64,0.8005758870813572,0.5519113663483186,0.7249930342796885,0.8491408397773409
65,0.8021549322123985,0.5528013752306848,0.72471440513508,0.8157246597100846
66,0.8219704006070936,0.5027458044377426,0.7497910281747587,0.7716306114170205
67,0.8262740727053817,0.4844872286182578,0.747283365873282,0.7715877144075629
68,0.8304229364194946,0.47974091503625904,0.7492337698606304,0.777583065256165
69,0.8290915846330063,0.47206376801999306,0.7444970744022854,0.7780618906087549
70,0.8312589014504405,0.46547615637911516,0.7495123990052389,0.7811060782161786
71,0.8302681280722285,0.46974342304439737,0.750069657294456,0.7840110799269147
72,0.8330237166535649,0.4641688962869729,0.747283365873282,0.7805386793982122
73,0.8335191033574345,0.4682755268991632,0.7522986904513241,0.7735945250404084
74,0.8330856399850894,0.46435967446502957,0.7489551407160219,0.7871978974468564
75,0.8321877515746371,0.4617879574155208,0.7433825578238513,0.7970772059258062
76,0.8356864202191596,0.4589998144410743,0.7483978824517161,0.7838363182448385
77,0.8356554585533974,0.4554739018417865,0.7517414321621071,0.7874929768091192
78,0.838349123758918,0.4472474760887859,0.7483978824268047,0.78621273573543
79,0.8380085453986236,0.456461665309083,0.7486765115714134,0.7912183820321123
80,0.8368629636325454,0.4510097273090423,0.7486765115714134,0.7958708496338214
81,0.8377298903698537,0.4527949144212194,0.7450543326915025,0.8010110835837734
82,0.8387516254987191,0.4453911264250246,0.7456115909807195,0.7964938158575756
83,0.8399591306037036,0.4450281272916884,0.7492337698606304,0.7992422184129716
84,0.8391850888673732,0.4482017264007245,0.7428252995346343,0.7984902533225343
85,0.8376370053984032,0.4491194718703005,0.7517414321621071,0.8003206226479612
86,0.8390612421858694,0.44313454171608635,0.7492337698606304,0.8041934776385868
87,0.840609325669603,0.4442771882809783,0.7587071607773203,0.7903454648515048
88,0.8401139389583515,0.4446036292713961,0.7470047367037621,0.8052424119687339
89,0.8420954857664482,0.4409095709062123,0.7525773195959327,0.8038558817135654
90,0.8426837575192776,0.438094695613985,0.7534132070297582,0.7937835147700358
91,0.8442628026171006,0.4356455672074415,0.7520200613067156,0.7905752392458232
92,0.8432720292056705,0.43701734508299683,0.7483978824268047,0.7957454382061261
93,0.8450058826950506,0.4311861395577512,0.7497910281498474,0.7951657176183837
94,0.845067806078248,0.4299478359034618,0.7522986904513241,0.797222452729683
95,0.8446962659931366,0.43025579441035894,0.7520200613067156,0.7967140774236612
96,0.8410737507150922,0.43588520477516257,0.750626915583673,0.7953467613543332
97,0.8430862591852603,0.43059861381339304,0.7517414321621071,0.7956139577667373
98,0.8453464610701087,0.4263496981463467,0.7514628030174986,0.7946842856047113
99,0.8445724193596148,0.4268222675193418,0.750069657294456,0.7970417305831292
100,0.8469564678595305,0.42904895078073646,0.7495123990052389,0.7987957749402632
101,0.8462753111389416,0.4263285960388727,0.7495123990052389,0.7973430679514735
102,0.844015109302075,0.4341230298116175,0.7503482864390645,0.7967613080179635
103,0.8465849278334737,0.43097659439278485,0.750069657294456,0.7972180887861616
104,0.8456251161136423,0.4274723698140017,0.7503482864390645,0.7967847919490684
105,0.8441389559466697,0.42493784145103003,0.75118417387289,0.7972526232755826
106,0.8470493529084903,0.42852234116234833,0.7517414321621071,0.7970008808246526
107,0.8455631927452085,0.429537233254276,0.7509055447282815,0.7972992142119026
108,0.8474828162402352,0.4271348453991272,0.75118417387289,0.7984884239631498
109,0.847451854615073,0.4230444605534745,0.7492337698606304,0.7969465566631412
110,0.8467706978834113,0.4294907297798115,0.7517414321621071,0.7979275024378987
111,0.8460276178312978,0.42532489717807614,0.7495123990052389,0.797991392439074
112,0.8476376246317923,0.42712034262461634,0.7495123990052389,0.7994071834762969
113,0.8446653043273743,0.42933477517347735,0.7503482864390645,0.7999076168329213
114,0.846151464494347,0.42851396586822793,0.7503482864390645,0.7993894435795412
115,0.8441389559503605,0.4279212217130442,0.7509055447282815,0.798754353747789
116,0.8461514644574378,0.42763859407290106,0.7489551407160219,0.7997721439950412
117,0.8501455198316664,0.42101577011245167,0.7497910281498474,0.8000836116618584
118,0.8483807046617603,0.4201275075328661,0.750069657294456,0.8002042682033357
119,0.8462753111352507,0.42690655183287196,0.750069657294456,0.8001385313051596
120,0.8438912625984257,0.4267970274584132,0.7497910281498474,0.8003880408322389
121,0.8470803145447252,0.4250785448476031,0.7481192532821962,0.7995831077561866
122,0.8479472413263245,0.4225127337513948,0.7497910281498474,0.8002594352997455
123,0.8462133877963443,0.4258785785624941,0.7492337698606304,0.800351623174838
124,0.8441079943141255,0.4253726516045153,0.7503482864390645,0.7996778830939861
125,0.8482878196866189,0.4218358890701281,0.750069657294456,0.8001995506509827
126,0.8476685862569545,0.4237668333710425,0.7497910281498474,0.7995428461057291
127,0.8468016595159553,0.42823759595730243,0.750069657294456,0.7997234251612771
128,0.8449129977162183,0.4274549138100127,0.750069657294456,0.7999577558150229
129,0.8476995479300986,0.423969777737751,0.7497910281498474,0.8001716973290666
130,0.8462133878443262,0.43132479070207197,0.7489551407160219,0.7996336420653889
131,0.844727227699499,0.42777005170172483,0.750626915583673,0.7995513139843243
132,0.848473589666429,0.4194852369467506,0.7503482864390645,0.7999372532122578
133,0.8455322310683735,0.4307356561748699,0.7489551407160219,0.7993124804811645
134,0.8455631927341357,0.4247525978977152,0.7492337698606304,0.7990011931063572
135,0.8468016595159553,0.42465520027444287,0.750069657294456,0.7991072636655062
136,0.8460585794970601,0.424852764671436,0.7497910281498474,0.8000365970326719
137,0.8463681961436103,0.42415953564255576,0.7495123990052389,0.8000683289578646
138,0.8468635828548617,0.4270688160479759,0.750069657294456,0.7993158382703813
139,0.8475137779170703,0.4238799787415123,0.750069657294456,0.7994259137169303
140,0.8475447396234327,0.42097062911844985,0.7492337698606304,0.7997378198241549
141,0.8461824261342729,0.42540104570673143,0.7495123990052389,0.7998238081518871
142,0.8453774227617075,0.42933841257931254,0.750069657294456,0.79973306546938
143,0.8480710879709191,0.42732045334391905,0.7495123990052389,0.7996926152895473
144,0.8440151093094569,0.42741696857374084,0.750069657294456,0.799461497739684
145,0.8471731995863031,0.4240727710520138,0.7503482864390645,0.7990930162123167
146,0.8451606910460076,0.4257106087629888,0.7497910281498474,0.8001702547936959
147,0.8494953247952944,0.42330282331952457,0.750626915583673,0.7995480526519971
148,0.84646108119257,0.4246965355641023,0.7497910281498474,0.7992327926749471
149,0.8452226143738413,0.4248915128984262,0.7495123990052389,0.7995149735190071
150,0.8483497430329072,0.42183707613968335,0.7497910281498474,0.7999352353234981
151,0.8466158895103088,0.42456106105871827,0.7495123990052389,0.7997348339785504
152,0.8452845377533478,0.4245811516533356,0.7492337698606304,0.7994626821266572
153,0.8479782029551776,0.426629582167971,0.7497910281498474,0.7987070133440938
154,0.8482258963477125,0.42155646359162385,0.7492337698606304,0.799995410671537
155,0.8456870394193304,0.4255304729446139,0.7495123990052389,0.8000235679788024
156,0.8469874295695838,0.42448734101241375,0.7495123990052389,0.7997553707265229
157,0.8450987677366285,0.43069651347910687,0.7497910281498474,0.7996054082303434
158,0.8481949346819502,0.4211454122485343,0.7497910281498474,0.7998197008288648
159,0.8475137779613613,0.4262157194724695,0.7497910281498474,0.7996631928159852
160,0.8488451296998677,0.42497232342454344,0.7489551407160219,0.7994740785878826
161,0.8455631927341357,0.43026752663925416,0.7503482864390645,0.799628948760119
162,0.847761471272696,0.4247579309577004,0.7489551407160219,0.7999273444590511
163,0.8445414576938525,0.42858589568059285,0.7503482864390645,0.7998323904900008
164,0.8473280079335692,0.42198091620438993,0.7497910281498474,0.7990731766510223
165,0.8479472413263245,0.42604989704388024,0.7492337698606304,0.7993608522827029
166,0.8446653043273743,0.4310047346354638,0.7497910281498474,0.7995307598980266
167,0.8459347328192472,0.4267987960026695,0.750069657294456,0.7999153860633703
